<?xml version="1.0" encoding="UTF-8"?>
<!-- Generated by org.testng.reporters.JUnitXMLReporter -->
<testsuite ignored="0" hostname="MANGESH-DELL2020" failures="0" tests="3" name="Nopackage" time="32.794" errors="0" timestamp="2022-03-02T14:42:39 IST">
  <testcase classname="com.hrms.testscript.TC001" name="tc001" time="9.778"/>
  <testcase classname="com.hrms.testscript.TC002" name="tc002" time="6.062"/>
  <testcase classname="com.hrms.testscript.TC003" name="tc003" time="16.864"/>
</testsuite> <!-- Nopackage -->
